2024-07-21 09:20:26,775 Starting system health monitoring
2024-07-21 09:20:27,785 CPU Usage: 6.1%
2024-07-21 09:20:27,785 Memory Usage: 61.5%
2024-07-21 09:20:27,785 Disk Usage: 29.7%
2024-07-21 09:20:27,785 Process Count: 171
2024-07-21 09:21:18,966 Starting system health monitoring
2024-07-21 09:21:19,976 CPU Usage: 4.1%
2024-07-21 09:21:19,976 Memory Usage: 62.0%
2024-07-21 09:21:19,976 Disk Usage: 29.7%
2024-07-21 09:21:19,976 Process Count: 171
2024-07-21 09:23:14,852 Starting system health monitoring
2024-07-21 09:23:15,854 CPU Usage: 4.6%
2024-07-21 09:23:15,854 Memory Usage: 61.4%
2024-07-21 09:23:15,855 Disk Usage: 29.7%
2024-07-21 09:23:15,855 Process Count: 169
2024-07-21 09:23:58,966 Starting system health monitoring
2024-07-21 09:23:59,972 CPU Usage: 4.2%
2024-07-21 09:23:59,972 Memory Usage: 62.2%
2024-07-21 09:23:59,973 Disk Usage: 29.7%
2024-07-21 09:23:59,973 Process Count: 169
2024-07-21 09:24:21,569 Starting system health monitoring
2024-07-21 09:24:22,572 CPU Usage: 3.1%
2024-07-21 09:24:22,573 Memory Usage: 62.3%
2024-07-21 09:24:22,573 Disk Usage: 29.7%
2024-07-21 09:24:22,574 Process Count: 169
2024-07-21 09:24:48,887 Starting system health monitoring
2024-07-21 09:24:49,892 CPU Usage: 5.2%
2024-07-21 09:24:49,892 Memory Usage: 62.4%
2024-07-21 09:24:49,893 Disk Usage: 29.7%
2024-07-21 09:24:49,893 Process Count: 168
2024-07-21 09:25:02,067 Starting system health monitoring
2024-07-21 09:25:03,069 CPU Usage: 5.2%
2024-07-21 09:25:03,070 Memory Usage: 62.1%
2024-07-21 09:25:03,070 Disk Usage: 29.7%
2024-07-21 09:25:03,070 Process Count: 168
2024-07-21 09:25:48,787 Starting system health monitoring
2024-07-21 09:25:49,849 CPU Usage: 5.3%
2024-07-21 09:25:49,850 Memory Usage: 61.5%
2024-07-21 09:25:49,850 Disk Usage: 29.7%
2024-07-21 09:25:49,850 Process Count: 168
2024-07-21 09:31:05,108 Starting system health monitoring
2024-07-21 09:31:06,110 CPU Usage: 6.2%
2024-07-21 09:31:06,110 Memory Usage: 62.9%
2024-07-21 09:31:06,110 Disk Usage: 29.7%
2024-07-21 09:31:06,110 Process Count: 168
2024-07-21 09:32:38,908 Starting system health monitoring
2024-07-21 09:32:39,910 CPU Usage: 5.2%
2024-07-21 09:32:39,910 Memory Usage: 64.1%
2024-07-21 09:32:39,910 Disk Usage: 29.7%
2024-07-21 09:32:39,910 Process Count: 168
2024-07-21 09:33:14,784 Starting system health monitoring
2024-07-21 09:33:15,896 CPU Usage: 5.2%
2024-07-21 09:33:15,897 Memory Usage: 64.0%
2024-07-21 09:33:15,897 Disk Usage: 29.7%
2024-07-21 09:33:15,897 Process Count: 168
